{"time":"2025-07-22T02:51:35.361923984-05:00","level":"INFO","msg":"Registered health check","component":"health_monitor","name":"component_registry","critical":true}
{"time":"2025-07-22T02:51:35.361952738-05:00","level":"INFO","msg":"Registered health check","component":"health_monitor","name":"templ_binary","critical":true}
{"time":"2025-07-22T02:51:35.361956145-05:00","level":"INFO","msg":"Registered health check","component":"health_monitor","name":"cache_directory","critical":false}
{"time":"2025-07-22T02:51:35.361958611-05:00","level":"INFO","msg":"Starting monitor","component":"monitor","metrics_enabled":true,"health_enabled":true,"http_enabled":true}
{"time":"2025-07-22T02:51:35.36196424-05:00","level":"INFO","msg":"Metrics collector started","component":"monitor"}
{"time":"2025-07-22T02:51:35.361968176-05:00","level":"INFO","msg":"Registered health check","component":"health_monitor","name":"filesystem","critical":true}
{"time":"2025-07-22T02:51:35.361971752-05:00","level":"INFO","msg":"Registered health check","component":"health_monitor","name":"memory","critical":true}
{"time":"2025-07-22T02:51:35.361975643-05:00","level":"INFO","msg":"Registered health check","component":"health_monitor","name":"goroutines","critical":false}
{"time":"2025-07-22T02:51:35.361993189-05:00","level":"INFO","msg":"Health monitor started","component":"health_monitor","interval":30000000000}
{"time":"2025-07-22T02:51:35.361995732-05:00","level":"INFO","msg":"Health monitor started","component":"monitor"}
{"time":"2025-07-22T02:51:35.361998969-05:00","level":"INFO","msg":"HTTP server started","component":"monitor","addr":"localhost:8081"}
{"time":"2025-07-22T02:51:35.362000931-05:00","level":"INFO","msg":"Monitor started successfully","component":"monitor"}
{"time":"2025-07-22T02:51:35.463605171-05:00","level":"INFO","msg":"Registered health check","component":"health_monitor","name":"component_registry","critical":true}
{"time":"2025-07-22T02:51:35.463625381-05:00","level":"INFO","msg":"Registered health check","component":"health_monitor","name":"templ_binary","critical":true}
{"time":"2025-07-22T02:51:35.463628624-05:00","level":"INFO","msg":"Registered health check","component":"health_monitor","name":"cache_directory","critical":false}
{"time":"2025-07-22T02:51:35.463631064-05:00","level":"INFO","msg":"Starting monitor","component":"monitor","metrics_enabled":true,"health_enabled":true,"http_enabled":true}
{"time":"2025-07-22T02:51:35.463635847-05:00","level":"INFO","msg":"Metrics collector started","component":"monitor"}
{"time":"2025-07-22T02:51:35.463638465-05:00","level":"INFO","msg":"Registered health check","component":"health_monitor","name":"filesystem","critical":true}
{"time":"2025-07-22T02:51:35.463640912-05:00","level":"INFO","msg":"Registered health check","component":"health_monitor","name":"memory","critical":true}
{"time":"2025-07-22T02:51:35.463643215-05:00","level":"INFO","msg":"Registered health check","component":"health_monitor","name":"goroutines","critical":false}
{"time":"2025-07-22T02:51:35.463646236-05:00","level":"INFO","msg":"Health monitor started","component":"health_monitor","interval":30000000000}
{"time":"2025-07-22T02:51:35.46364873-05:00","level":"INFO","msg":"Health monitor started","component":"monitor"}
{"time":"2025-07-22T02:51:35.463651799-05:00","level":"INFO","msg":"HTTP server started","component":"monitor","addr":"localhost:8081"}
{"time":"2025-07-22T02:51:35.463653674-05:00","level":"INFO","msg":"Monitor started successfully","component":"monitor"}
{"time":"2025-07-22T02:51:35.464167252-05:00","level":"ERROR","msg":"HTTP server error","component":"monitor","error":"listen tcp 127.0.0.1:8081: bind: address already in use","error_type":"*net.OpError"}
{"time":"2025-07-22T02:51:35.567741184-05:00","level":"INFO","msg":"Registered health check","component":"health_monitor","name":"component_registry","critical":true}
{"time":"2025-07-22T02:51:35.567780802-05:00","level":"INFO","msg":"Registered health check","component":"health_monitor","name":"templ_binary","critical":true}
{"time":"2025-07-22T02:51:35.567785958-05:00","level":"INFO","msg":"Registered health check","component":"health_monitor","name":"cache_directory","critical":false}
{"time":"2025-07-22T02:51:35.56779582-05:00","level":"INFO","msg":"Starting monitor","component":"monitor","metrics_enabled":true,"health_enabled":true,"http_enabled":true}
{"time":"2025-07-22T02:51:35.567801258-05:00","level":"INFO","msg":"Metrics collector started","component":"monitor"}
{"time":"2025-07-22T02:51:35.567805415-05:00","level":"INFO","msg":"Registered health check","component":"health_monitor","name":"filesystem","critical":true}
{"time":"2025-07-22T02:51:35.567809667-05:00","level":"INFO","msg":"Registered health check","component":"health_monitor","name":"memory","critical":true}
{"time":"2025-07-22T02:51:35.567813574-05:00","level":"INFO","msg":"Registered health check","component":"health_monitor","name":"goroutines","critical":false}
{"time":"2025-07-22T02:51:35.567818781-05:00","level":"INFO","msg":"Health monitor started","component":"health_monitor","interval":30000000000}
{"time":"2025-07-22T02:51:35.567828719-05:00","level":"INFO","msg":"Health monitor started","component":"monitor"}
{"time":"2025-07-22T02:51:35.567833812-05:00","level":"INFO","msg":"HTTP server started","component":"monitor","addr":"localhost:8081"}
{"time":"2025-07-22T02:51:35.567836991-05:00","level":"INFO","msg":"Monitor started successfully","component":"monitor"}
{"time":"2025-07-22T02:51:35.569219811-05:00","level":"ERROR","msg":"HTTP server error","component":"monitor","error":"listen tcp 127.0.0.1:8081: bind: address already in use","error_type":"*net.OpError"}
{"time":"2025-07-22T02:51:35.875844023-05:00","level":"INFO","msg":"Registered health check","component":"health_monitor","name":"component_registry","critical":true}
{"time":"2025-07-22T02:51:35.875877155-05:00","level":"INFO","msg":"Registered health check","component":"health_monitor","name":"templ_binary","critical":true}
{"time":"2025-07-22T02:51:35.875881364-05:00","level":"INFO","msg":"Registered health check","component":"health_monitor","name":"cache_directory","critical":false}
{"time":"2025-07-22T02:51:35.875884751-05:00","level":"INFO","msg":"Starting monitor","component":"monitor","metrics_enabled":true,"health_enabled":true,"http_enabled":true}
{"time":"2025-07-22T02:51:35.875899755-05:00","level":"INFO","msg":"Metrics collector started","component":"monitor"}
{"time":"2025-07-22T02:51:35.875911001-05:00","level":"INFO","msg":"Registered health check","component":"health_monitor","name":"filesystem","critical":true}
{"time":"2025-07-22T02:51:35.875919287-05:00","level":"INFO","msg":"Registered health check","component":"health_monitor","name":"memory","critical":true}
{"time":"2025-07-22T02:51:35.875923108-05:00","level":"INFO","msg":"Registered health check","component":"health_monitor","name":"goroutines","critical":false}
{"time":"2025-07-22T02:51:35.875928132-05:00","level":"INFO","msg":"Health monitor started","component":"health_monitor","interval":30000000000}
{"time":"2025-07-22T02:51:35.875932585-05:00","level":"INFO","msg":"Health monitor started","component":"monitor"}
{"time":"2025-07-22T02:51:35.875937014-05:00","level":"INFO","msg":"HTTP server started","component":"monitor","addr":"localhost:8081"}
{"time":"2025-07-22T02:51:35.875939964-05:00","level":"INFO","msg":"Monitor started successfully","component":"monitor"}
{"time":"2025-07-22T02:51:35.87691998-05:00","level":"ERROR","msg":"HTTP server error","component":"monitor","error":"listen tcp 127.0.0.1:8081: bind: address already in use","error_type":"*net.OpError"}
{"time":"2025-07-22T02:51:35.979974624-05:00","level":"INFO","msg":"Registered health check","component":"health_monitor","name":"component_registry","critical":true}
{"time":"2025-07-22T02:51:35.980003856-05:00","level":"INFO","msg":"Registered health check","component":"health_monitor","name":"templ_binary","critical":true}
{"time":"2025-07-22T02:51:35.980008361-05:00","level":"INFO","msg":"Registered health check","component":"health_monitor","name":"cache_directory","critical":false}
{"time":"2025-07-22T02:51:35.980018781-05:00","level":"INFO","msg":"Starting monitor","component":"monitor","metrics_enabled":true,"health_enabled":true,"http_enabled":true}
{"time":"2025-07-22T02:51:35.980033076-05:00","level":"INFO","msg":"Metrics collector started","component":"monitor"}
{"time":"2025-07-22T02:51:35.980037506-05:00","level":"INFO","msg":"Registered health check","component":"health_monitor","name":"filesystem","critical":true}
{"time":"2025-07-22T02:51:35.980043449-05:00","level":"INFO","msg":"Registered health check","component":"health_monitor","name":"memory","critical":true}
{"time":"2025-07-22T02:51:35.980047331-05:00","level":"INFO","msg":"Registered health check","component":"health_monitor","name":"goroutines","critical":false}
{"time":"2025-07-22T02:51:35.98005231-05:00","level":"INFO","msg":"Health monitor started","component":"health_monitor","interval":30000000000}
{"time":"2025-07-22T02:51:35.980056681-05:00","level":"INFO","msg":"Health monitor started","component":"monitor"}
{"time":"2025-07-22T02:51:35.980060949-05:00","level":"INFO","msg":"HTTP server started","component":"monitor","addr":"localhost:8081"}
{"time":"2025-07-22T02:51:35.980064137-05:00","level":"INFO","msg":"Monitor started successfully","component":"monitor"}
{"time":"2025-07-22T02:51:35.981008376-05:00","level":"ERROR","msg":"HTTP server error","component":"monitor","error":"listen tcp 127.0.0.1:8081: bind: address already in use","error_type":"*net.OpError"}
{"time":"2025-07-22T02:51:36.182738258-05:00","level":"INFO","msg":"Registered health check","component":"health_monitor","name":"component_registry","critical":true}
{"time":"2025-07-22T02:51:36.182785107-05:00","level":"INFO","msg":"Registered health check","component":"health_monitor","name":"templ_binary","critical":true}
{"time":"2025-07-22T02:51:36.182790095-05:00","level":"INFO","msg":"Registered health check","component":"health_monitor","name":"cache_directory","critical":false}
{"time":"2025-07-22T02:51:36.182793814-05:00","level":"INFO","msg":"Starting monitor","component":"monitor","metrics_enabled":true,"health_enabled":true,"http_enabled":true}
{"time":"2025-07-22T02:51:36.182804411-05:00","level":"INFO","msg":"Metrics collector started","component":"monitor"}
{"time":"2025-07-22T02:51:36.182808899-05:00","level":"INFO","msg":"Registered health check","component":"health_monitor","name":"filesystem","critical":true}
{"time":"2025-07-22T02:51:36.182812926-05:00","level":"INFO","msg":"Registered health check","component":"health_monitor","name":"memory","critical":true}
{"time":"2025-07-22T02:51:36.182816746-05:00","level":"INFO","msg":"Registered health check","component":"health_monitor","name":"goroutines","critical":false}
{"time":"2025-07-22T02:51:36.182822486-05:00","level":"INFO","msg":"Health monitor started","component":"health_monitor","interval":30000000000}
{"time":"2025-07-22T02:51:36.182827092-05:00","level":"INFO","msg":"Health monitor started","component":"monitor"}
{"time":"2025-07-22T02:51:36.182840226-05:00","level":"INFO","msg":"HTTP server started","component":"monitor","addr":"localhost:8081"}
{"time":"2025-07-22T02:51:36.182843301-05:00","level":"INFO","msg":"Monitor started successfully","component":"monitor"}
{"time":"2025-07-22T02:51:36.18367372-05:00","level":"ERROR","msg":"HTTP server error","component":"monitor","error":"listen tcp 127.0.0.1:8081: bind: address already in use","error_type":"*net.OpError"}
{"time":"2025-07-22T02:51:36.233971004-05:00","level":"INFO","msg":"Registered health check","component":"health_monitor","name":"component_registry","critical":true}
{"time":"2025-07-22T02:51:36.234003378-05:00","level":"INFO","msg":"Registered health check","component":"health_monitor","name":"templ_binary","critical":true}
{"time":"2025-07-22T02:51:36.234009559-05:00","level":"INFO","msg":"Registered health check","component":"health_monitor","name":"cache_directory","critical":false}
{"time":"2025-07-22T02:51:36.234015176-05:00","level":"INFO","msg":"Starting monitor","component":"monitor","metrics_enabled":true,"health_enabled":true,"http_enabled":true}
{"time":"2025-07-22T02:51:36.234027486-05:00","level":"INFO","msg":"Metrics collector started","component":"monitor"}
{"time":"2025-07-22T02:51:36.23403209-05:00","level":"INFO","msg":"Registered health check","component":"health_monitor","name":"filesystem","critical":true}
{"time":"2025-07-22T02:51:36.234036527-05:00","level":"INFO","msg":"Registered health check","component":"health_monitor","name":"memory","critical":true}
{"time":"2025-07-22T02:51:36.23404358-05:00","level":"INFO","msg":"Registered health check","component":"health_monitor","name":"goroutines","critical":false}
{"time":"2025-07-22T02:51:36.234047076-05:00","level":"INFO","msg":"Health monitor started","component":"health_monitor","interval":30000000000}
{"time":"2025-07-22T02:51:36.234049899-05:00","level":"INFO","msg":"Health monitor started","component":"monitor"}
{"time":"2025-07-22T02:51:36.234053371-05:00","level":"INFO","msg":"HTTP server started","component":"monitor","addr":"localhost:8081"}
{"time":"2025-07-22T02:51:36.23405548-05:00","level":"INFO","msg":"Monitor started successfully","component":"monitor"}
{"time":"2025-07-22T02:51:36.234613225-05:00","level":"ERROR","msg":"HTTP server error","component":"monitor","error":"listen tcp 127.0.0.1:8081: bind: address already in use","error_type":"*net.OpError"}
{"time":"2025-07-22T02:51:36.28544339-05:00","level":"INFO","msg":"Registered health check","component":"health_monitor","name":"component_registry","critical":true}
{"time":"2025-07-22T02:51:36.285471969-05:00","level":"INFO","msg":"Registered health check","component":"health_monitor","name":"templ_binary","critical":true}
{"time":"2025-07-22T02:51:36.285477276-05:00","level":"INFO","msg":"Registered health check","component":"health_monitor","name":"cache_directory","critical":false}
{"time":"2025-07-22T02:51:36.285481499-05:00","level":"INFO","msg":"Starting monitor","component":"monitor","metrics_enabled":true,"health_enabled":true,"http_enabled":true}
{"time":"2025-07-22T02:51:36.285487177-05:00","level":"INFO","msg":"Metrics collector started","component":"monitor"}
{"time":"2025-07-22T02:51:36.285491726-05:00","level":"INFO","msg":"Registered health check","component":"health_monitor","name":"filesystem","critical":true}
{"time":"2025-07-22T02:51:36.285496215-05:00","level":"INFO","msg":"Registered health check","component":"health_monitor","name":"memory","critical":true}
{"time":"2025-07-22T02:51:36.285500121-05:00","level":"INFO","msg":"Registered health check","component":"health_monitor","name":"goroutines","critical":false}
{"time":"2025-07-22T02:51:36.285505128-05:00","level":"INFO","msg":"Health monitor started","component":"health_monitor","interval":30000000000}
{"time":"2025-07-22T02:51:36.28550974-05:00","level":"INFO","msg":"Health monitor started","component":"monitor"}
{"time":"2025-07-22T02:51:36.285516605-05:00","level":"INFO","msg":"HTTP server started","component":"monitor","addr":"localhost:8081"}
{"time":"2025-07-22T02:51:36.285520225-05:00","level":"INFO","msg":"Monitor started successfully","component":"monitor"}
{"time":"2025-07-22T02:51:36.288667857-05:00","level":"ERROR","msg":"HTTP server error","component":"monitor","error":"listen tcp 127.0.0.1:8081: bind: address already in use","error_type":"*net.OpError"}
{"time":"2025-07-22T02:51:36.336880686-05:00","level":"INFO","msg":"Registered health check","component":"health_monitor","name":"component_registry","critical":true}
{"time":"2025-07-22T02:51:36.33690923-05:00","level":"INFO","msg":"Registered health check","component":"health_monitor","name":"templ_binary","critical":true}
{"time":"2025-07-22T02:51:36.336914462-05:00","level":"INFO","msg":"Registered health check","component":"health_monitor","name":"cache_directory","critical":false}
{"time":"2025-07-22T02:51:36.336918515-05:00","level":"INFO","msg":"Starting monitor","component":"monitor","metrics_enabled":true,"health_enabled":true,"http_enabled":true}
{"time":"2025-07-22T02:51:36.336923637-05:00","level":"INFO","msg":"Metrics collector started","component":"monitor"}
{"time":"2025-07-22T02:51:36.336935362-05:00","level":"INFO","msg":"Registered health check","component":"health_monitor","name":"filesystem","critical":true}
{"time":"2025-07-22T02:51:36.336939634-05:00","level":"INFO","msg":"Registered health check","component":"health_monitor","name":"memory","critical":true}
{"time":"2025-07-22T02:51:36.336943717-05:00","level":"INFO","msg":"Registered health check","component":"health_monitor","name":"goroutines","critical":false}
{"time":"2025-07-22T02:51:36.336948067-05:00","level":"INFO","msg":"Health monitor started","component":"health_monitor","interval":30000000000}
{"time":"2025-07-22T02:51:36.336952285-05:00","level":"INFO","msg":"Health monitor started","component":"monitor"}
{"time":"2025-07-22T02:51:36.336957228-05:00","level":"INFO","msg":"HTTP server started","component":"monitor","addr":"localhost:8081"}
{"time":"2025-07-22T02:51:36.336960565-05:00","level":"INFO","msg":"Monitor started successfully","component":"monitor"}
{"time":"2025-07-22T02:51:36.339296477-05:00","level":"ERROR","msg":"HTTP server error","component":"monitor","error":"listen tcp 127.0.0.1:8081: bind: address already in use","error_type":"*net.OpError"}
{"time":"2025-07-22T02:58:32.83182455-05:00","level":"INFO","msg":"Registered health check","component":"health_monitor","name":"component_registry","critical":true}
{"time":"2025-07-22T02:58:32.832027188-05:00","level":"INFO","msg":"Registered health check","component":"health_monitor","name":"templ_binary","critical":true}
{"time":"2025-07-22T02:58:32.832041323-05:00","level":"INFO","msg":"Registered health check","component":"health_monitor","name":"cache_directory","critical":false}
{"time":"2025-07-22T02:58:32.832047877-05:00","level":"INFO","msg":"Starting monitor","component":"monitor","metrics_enabled":true,"health_enabled":true,"http_enabled":true}
{"time":"2025-07-22T02:58:32.832054793-05:00","level":"INFO","msg":"Metrics collector started","component":"monitor"}
{"time":"2025-07-22T02:58:32.832060509-05:00","level":"INFO","msg":"Registered health check","component":"health_monitor","name":"filesystem","critical":true}
{"time":"2025-07-22T02:58:32.832065566-05:00","level":"INFO","msg":"Registered health check","component":"health_monitor","name":"memory","critical":true}
{"time":"2025-07-22T02:58:32.832070511-05:00","level":"INFO","msg":"Registered health check","component":"health_monitor","name":"goroutines","critical":false}
{"time":"2025-07-22T02:58:32.832077391-05:00","level":"INFO","msg":"Health monitor started","component":"health_monitor","interval":30000000000}
{"time":"2025-07-22T02:58:32.832082876-05:00","level":"INFO","msg":"Health monitor started","component":"monitor"}
{"time":"2025-07-22T02:58:32.832090127-05:00","level":"INFO","msg":"HTTP server started","component":"monitor","addr":"localhost:8081"}
{"time":"2025-07-22T02:58:32.832094209-05:00","level":"INFO","msg":"Monitor started successfully","component":"monitor"}
{"time":"2025-07-22T02:58:32.933990792-05:00","level":"INFO","msg":"Registered health check","component":"health_monitor","name":"component_registry","critical":true}
{"time":"2025-07-22T02:58:32.934019602-05:00","level":"INFO","msg":"Registered health check","component":"health_monitor","name":"templ_binary","critical":true}
{"time":"2025-07-22T02:58:32.934024382-05:00","level":"INFO","msg":"Registered health check","component":"health_monitor","name":"cache_directory","critical":false}
{"time":"2025-07-22T02:58:32.934028828-05:00","level":"INFO","msg":"Starting monitor","component":"monitor","metrics_enabled":true,"health_enabled":true,"http_enabled":true}
{"time":"2025-07-22T02:58:32.934037334-05:00","level":"INFO","msg":"Metrics collector started","component":"monitor"}
{"time":"2025-07-22T02:58:32.934042028-05:00","level":"INFO","msg":"Registered health check","component":"health_monitor","name":"filesystem","critical":true}
{"time":"2025-07-22T02:58:32.934046618-05:00","level":"INFO","msg":"Registered health check","component":"health_monitor","name":"memory","critical":true}
{"time":"2025-07-22T02:58:32.934063774-05:00","level":"INFO","msg":"Registered health check","component":"health_monitor","name":"goroutines","critical":false}
{"time":"2025-07-22T02:58:32.934070293-05:00","level":"INFO","msg":"Health monitor started","component":"health_monitor","interval":30000000000}
{"time":"2025-07-22T02:58:32.934074706-05:00","level":"INFO","msg":"Health monitor started","component":"monitor"}
{"time":"2025-07-22T02:58:32.934079029-05:00","level":"INFO","msg":"HTTP server started","component":"monitor","addr":"localhost:8081"}
{"time":"2025-07-22T02:58:32.934082041-05:00","level":"INFO","msg":"Monitor started successfully","component":"monitor"}
{"time":"2025-07-22T02:58:32.935196844-05:00","level":"ERROR","msg":"HTTP server error","component":"monitor","error":"listen tcp 127.0.0.1:8081: bind: address already in use","error_type":"*net.OpError"}
{"time":"2025-07-22T02:58:33.036065921-05:00","level":"INFO","msg":"Registered health check","component":"health_monitor","name":"component_registry","critical":true}
{"time":"2025-07-22T02:58:33.036099966-05:00","level":"INFO","msg":"Registered health check","component":"health_monitor","name":"templ_binary","critical":true}
{"time":"2025-07-22T02:58:33.036104819-05:00","level":"INFO","msg":"Registered health check","component":"health_monitor","name":"cache_directory","critical":false}
{"time":"2025-07-22T02:58:33.03610864-05:00","level":"INFO","msg":"Starting monitor","component":"monitor","metrics_enabled":true,"health_enabled":true,"http_enabled":true}
{"time":"2025-07-22T02:58:33.036116747-05:00","level":"INFO","msg":"Metrics collector started","component":"monitor"}
{"time":"2025-07-22T02:58:33.036121201-05:00","level":"INFO","msg":"Registered health check","component":"health_monitor","name":"filesystem","critical":true}
{"time":"2025-07-22T02:58:33.036125442-05:00","level":"INFO","msg":"Registered health check","component":"health_monitor","name":"memory","critical":true}
{"time":"2025-07-22T02:58:33.036129456-05:00","level":"INFO","msg":"Registered health check","component":"health_monitor","name":"goroutines","critical":false}
{"time":"2025-07-22T02:58:33.036134508-05:00","level":"INFO","msg":"Health monitor started","component":"health_monitor","interval":30000000000}
{"time":"2025-07-22T02:58:33.036138697-05:00","level":"INFO","msg":"Health monitor started","component":"monitor"}
{"time":"2025-07-22T02:58:33.036143495-05:00","level":"INFO","msg":"HTTP server started","component":"monitor","addr":"localhost:8081"}
{"time":"2025-07-22T02:58:33.036146745-05:00","level":"INFO","msg":"Monitor started successfully","component":"monitor"}
{"time":"2025-07-22T02:58:33.036875468-05:00","level":"ERROR","msg":"HTTP server error","component":"monitor","error":"listen tcp 127.0.0.1:8081: bind: address already in use","error_type":"*net.OpError"}
{"time":"2025-07-22T02:58:33.338752139-05:00","level":"INFO","msg":"Registered health check","component":"health_monitor","name":"component_registry","critical":true}
{"time":"2025-07-22T02:58:33.338785266-05:00","level":"INFO","msg":"Registered health check","component":"health_monitor","name":"templ_binary","critical":true}
{"time":"2025-07-22T02:58:33.338788481-05:00","level":"INFO","msg":"Registered health check","component":"health_monitor","name":"cache_directory","critical":false}
{"time":"2025-07-22T02:58:33.338791075-05:00","level":"INFO","msg":"Starting monitor","component":"monitor","metrics_enabled":true,"health_enabled":true,"http_enabled":true}
{"time":"2025-07-22T02:58:33.338796746-05:00","level":"INFO","msg":"Metrics collector started","component":"monitor"}
{"time":"2025-07-22T02:58:33.338799591-05:00","level":"INFO","msg":"Registered health check","component":"health_monitor","name":"filesystem","critical":true}
{"time":"2025-07-22T02:58:33.338802236-05:00","level":"INFO","msg":"Registered health check","component":"health_monitor","name":"memory","critical":true}
{"time":"2025-07-22T02:58:33.338804637-05:00","level":"INFO","msg":"Registered health check","component":"health_monitor","name":"goroutines","critical":false}
{"time":"2025-07-22T02:58:33.338812032-05:00","level":"INFO","msg":"Health monitor started","component":"health_monitor","interval":30000000000}
{"time":"2025-07-22T02:58:33.338815088-05:00","level":"INFO","msg":"Health monitor started","component":"monitor"}
{"time":"2025-07-22T02:58:33.338818326-05:00","level":"INFO","msg":"HTTP server started","component":"monitor","addr":"localhost:8081"}
{"time":"2025-07-22T02:58:33.338820794-05:00","level":"INFO","msg":"Monitor started successfully","component":"monitor"}
{"time":"2025-07-22T02:58:33.339582215-05:00","level":"ERROR","msg":"HTTP server error","component":"monitor","error":"listen tcp 127.0.0.1:8081: bind: address already in use","error_type":"*net.OpError"}
{"time":"2025-07-22T02:58:33.441186255-05:00","level":"INFO","msg":"Registered health check","component":"health_monitor","name":"component_registry","critical":true}
{"time":"2025-07-22T02:58:33.441220227-05:00","level":"INFO","msg":"Registered health check","component":"health_monitor","name":"templ_binary","critical":true}
{"time":"2025-07-22T02:58:33.44122576-05:00","level":"INFO","msg":"Registered health check","component":"health_monitor","name":"cache_directory","critical":false}
{"time":"2025-07-22T02:58:33.441229926-05:00","level":"INFO","msg":"Starting monitor","component":"monitor","metrics_enabled":true,"health_enabled":true,"http_enabled":true}
{"time":"2025-07-22T02:58:33.441238022-05:00","level":"INFO","msg":"Metrics collector started","component":"monitor"}
{"time":"2025-07-22T02:58:33.441242649-05:00","level":"INFO","msg":"Registered health check","component":"health_monitor","name":"filesystem","critical":true}
{"time":"2025-07-22T02:58:33.441246855-05:00","level":"INFO","msg":"Registered health check","component":"health_monitor","name":"memory","critical":true}
{"time":"2025-07-22T02:58:33.441250869-05:00","level":"INFO","msg":"Registered health check","component":"health_monitor","name":"goroutines","critical":false}
{"time":"2025-07-22T02:58:33.441256176-05:00","level":"INFO","msg":"Health monitor started","component":"health_monitor","interval":30000000000}
{"time":"2025-07-22T02:58:33.441261457-05:00","level":"INFO","msg":"Health monitor started","component":"monitor"}
{"time":"2025-07-22T02:58:33.441266591-05:00","level":"INFO","msg":"HTTP server started","component":"monitor","addr":"localhost:8081"}
{"time":"2025-07-22T02:58:33.441269855-05:00","level":"INFO","msg":"Monitor started successfully","component":"monitor"}
{"time":"2025-07-22T02:58:33.442164719-05:00","level":"ERROR","msg":"HTTP server error","component":"monitor","error":"listen tcp 127.0.0.1:8081: bind: address already in use","error_type":"*net.OpError"}
{"time":"2025-07-22T02:58:33.643321388-05:00","level":"INFO","msg":"Registered health check","component":"health_monitor","name":"component_registry","critical":true}
{"time":"2025-07-22T02:58:33.643353242-05:00","level":"INFO","msg":"Registered health check","component":"health_monitor","name":"templ_binary","critical":true}
{"time":"2025-07-22T02:58:33.643358365-05:00","level":"INFO","msg":"Registered health check","component":"health_monitor","name":"cache_directory","critical":false}
{"time":"2025-07-22T02:58:33.643362504-05:00","level":"INFO","msg":"Starting monitor","component":"monitor","metrics_enabled":true,"health_enabled":true,"http_enabled":true}
{"time":"2025-07-22T02:58:33.64336899-05:00","level":"INFO","msg":"Metrics collector started","component":"monitor"}
{"time":"2025-07-22T02:58:33.643373149-05:00","level":"INFO","msg":"Registered health check","component":"health_monitor","name":"filesystem","critical":true}
{"time":"2025-07-22T02:58:33.643377385-05:00","level":"INFO","msg":"Registered health check","component":"health_monitor","name":"memory","critical":true}
{"time":"2025-07-22T02:58:33.643382782-05:00","level":"INFO","msg":"Registered health check","component":"health_monitor","name":"goroutines","critical":false}
{"time":"2025-07-22T02:58:33.643388092-05:00","level":"INFO","msg":"Health monitor started","component":"health_monitor","interval":30000000000}
{"time":"2025-07-22T02:58:33.643398754-05:00","level":"INFO","msg":"Health monitor started","component":"monitor"}
{"time":"2025-07-22T02:58:33.643409735-05:00","level":"INFO","msg":"HTTP server started","component":"monitor","addr":"localhost:8081"}
{"time":"2025-07-22T02:58:33.643413353-05:00","level":"INFO","msg":"Monitor started successfully","component":"monitor"}
{"time":"2025-07-22T02:58:33.64389798-05:00","level":"ERROR","msg":"HTTP server error","component":"monitor","error":"listen tcp 127.0.0.1:8081: bind: address already in use","error_type":"*net.OpError"}
{"time":"2025-07-22T02:58:33.694541951-05:00","level":"INFO","msg":"Registered health check","component":"health_monitor","name":"component_registry","critical":true}
{"time":"2025-07-22T02:58:33.69457492-05:00","level":"INFO","msg":"Registered health check","component":"health_monitor","name":"templ_binary","critical":true}
{"time":"2025-07-22T02:58:33.694579378-05:00","level":"INFO","msg":"Registered health check","component":"health_monitor","name":"cache_directory","critical":false}
{"time":"2025-07-22T02:58:33.694583137-05:00","level":"INFO","msg":"Starting monitor","component":"monitor","metrics_enabled":true,"health_enabled":true,"http_enabled":true}
{"time":"2025-07-22T02:58:33.69458782-05:00","level":"INFO","msg":"Metrics collector started","component":"monitor"}
{"time":"2025-07-22T02:58:33.694591678-05:00","level":"INFO","msg":"Registered health check","component":"health_monitor","name":"filesystem","critical":true}
{"time":"2025-07-22T02:58:33.694595586-05:00","level":"INFO","msg":"Registered health check","component":"health_monitor","name":"memory","critical":true}
{"time":"2025-07-22T02:58:33.694599042-05:00","level":"INFO","msg":"Registered health check","component":"health_monitor","name":"goroutines","critical":false}
{"time":"2025-07-22T02:58:33.694603586-05:00","level":"INFO","msg":"Health monitor started","component":"health_monitor","interval":30000000000}
{"time":"2025-07-22T02:58:33.694607456-05:00","level":"INFO","msg":"Health monitor started","component":"monitor"}
{"time":"2025-07-22T02:58:33.694611811-05:00","level":"INFO","msg":"HTTP server started","component":"monitor","addr":"localhost:8081"}
{"time":"2025-07-22T02:58:33.694614688-05:00","level":"INFO","msg":"Monitor started successfully","component":"monitor"}
{"time":"2025-07-22T02:58:33.695379758-05:00","level":"ERROR","msg":"HTTP server error","component":"monitor","error":"listen tcp 127.0.0.1:8081: bind: address already in use","error_type":"*net.OpError"}
{"time":"2025-07-22T02:58:33.745712669-05:00","level":"INFO","msg":"Registered health check","component":"health_monitor","name":"component_registry","critical":true}
{"time":"2025-07-22T02:58:33.74573754-05:00","level":"INFO","msg":"Registered health check","component":"health_monitor","name":"templ_binary","critical":true}
{"time":"2025-07-22T02:58:33.745741258-05:00","level":"INFO","msg":"Registered health check","component":"health_monitor","name":"cache_directory","critical":false}
{"time":"2025-07-22T02:58:33.745744294-05:00","level":"INFO","msg":"Starting monitor","component":"monitor","metrics_enabled":true,"health_enabled":true,"http_enabled":true}
{"time":"2025-07-22T02:58:33.745749759-05:00","level":"INFO","msg":"Metrics collector started","component":"monitor"}
{"time":"2025-07-22T02:58:33.745760648-05:00","level":"INFO","msg":"Registered health check","component":"health_monitor","name":"filesystem","critical":true}
{"time":"2025-07-22T02:58:33.74576497-05:00","level":"INFO","msg":"Registered health check","component":"health_monitor","name":"memory","critical":true}
{"time":"2025-07-22T02:58:33.745767698-05:00","level":"INFO","msg":"Registered health check","component":"health_monitor","name":"goroutines","critical":false}
{"time":"2025-07-22T02:58:33.74577097-05:00","level":"INFO","msg":"Health monitor started","component":"health_monitor","interval":30000000000}
{"time":"2025-07-22T02:58:33.7457737-05:00","level":"INFO","msg":"Health monitor started","component":"monitor"}
{"time":"2025-07-22T02:58:33.745784831-05:00","level":"INFO","msg":"HTTP server started","component":"monitor","addr":"localhost:8081"}
{"time":"2025-07-22T02:58:33.745787523-05:00","level":"INFO","msg":"Monitor started successfully","component":"monitor"}
{"time":"2025-07-22T02:58:33.746268556-05:00","level":"ERROR","msg":"HTTP server error","component":"monitor","error":"listen tcp 127.0.0.1:8081: bind: address already in use","error_type":"*net.OpError"}
{"time":"2025-07-22T02:58:33.797147844-05:00","level":"INFO","msg":"Registered health check","component":"health_monitor","name":"component_registry","critical":true}
{"time":"2025-07-22T02:58:33.797172871-05:00","level":"INFO","msg":"Registered health check","component":"health_monitor","name":"templ_binary","critical":true}
{"time":"2025-07-22T02:58:33.797177527-05:00","level":"INFO","msg":"Registered health check","component":"health_monitor","name":"cache_directory","critical":false}
{"time":"2025-07-22T02:58:33.797181049-05:00","level":"INFO","msg":"Starting monitor","component":"monitor","metrics_enabled":true,"health_enabled":true,"http_enabled":true}
{"time":"2025-07-22T02:58:33.797186046-05:00","level":"INFO","msg":"Metrics collector started","component":"monitor"}
{"time":"2025-07-22T02:58:33.79718975-05:00","level":"INFO","msg":"Registered health check","component":"health_monitor","name":"filesystem","critical":true}
{"time":"2025-07-22T02:58:33.797193497-05:00","level":"INFO","msg":"Registered health check","component":"health_monitor","name":"memory","critical":true}
{"time":"2025-07-22T02:58:33.797197123-05:00","level":"INFO","msg":"Registered health check","component":"health_monitor","name":"goroutines","critical":false}
{"time":"2025-07-22T02:58:33.797203582-05:00","level":"INFO","msg":"Health monitor started","component":"health_monitor","interval":30000000000}
{"time":"2025-07-22T02:58:33.797208163-05:00","level":"INFO","msg":"Health monitor started","component":"monitor"}
{"time":"2025-07-22T02:58:33.797214107-05:00","level":"INFO","msg":"HTTP server started","component":"monitor","addr":"localhost:8081"}
{"time":"2025-07-22T02:58:33.797217032-05:00","level":"INFO","msg":"Monitor started successfully","component":"monitor"}
{"time":"2025-07-22T02:58:33.798037114-05:00","level":"ERROR","msg":"HTTP server error","component":"monitor","error":"listen tcp 127.0.0.1:8081: bind: address already in use","error_type":"*net.OpError"}
{"time":"2025-07-22T07:27:01.958606513-05:00","level":"INFO","msg":"Registered health check","component":"health_monitor","name":"component_registry","critical":true}
{"time":"2025-07-22T07:27:01.958734491-05:00","level":"INFO","msg":"Registered health check","component":"health_monitor","name":"templ_binary","critical":true}
{"time":"2025-07-22T07:27:01.958742076-05:00","level":"INFO","msg":"Registered health check","component":"health_monitor","name":"cache_directory","critical":false}
{"time":"2025-07-22T07:27:01.958746849-05:00","level":"INFO","msg":"Starting monitor","component":"monitor","metrics_enabled":true,"health_enabled":true,"http_enabled":true}
{"time":"2025-07-22T07:27:01.958764486-05:00","level":"INFO","msg":"Metrics collector started","component":"monitor"}
{"time":"2025-07-22T07:27:01.9587704-05:00","level":"INFO","msg":"Registered health check","component":"health_monitor","name":"filesystem","critical":true}
{"time":"2025-07-22T07:27:01.95877516-05:00","level":"INFO","msg":"Registered health check","component":"health_monitor","name":"memory","critical":true}
{"time":"2025-07-22T07:27:01.958779587-05:00","level":"INFO","msg":"Registered health check","component":"health_monitor","name":"goroutines","critical":false}
{"time":"2025-07-22T07:27:01.958802315-05:00","level":"INFO","msg":"Health monitor started","component":"health_monitor","interval":30000000000}
{"time":"2025-07-22T07:27:01.958806756-05:00","level":"INFO","msg":"Health monitor started","component":"monitor"}
{"time":"2025-07-22T07:27:01.958826881-05:00","level":"INFO","msg":"HTTP server started","component":"monitor","addr":"localhost:8081"}
{"time":"2025-07-22T07:27:01.958836348-05:00","level":"INFO","msg":"Monitor started successfully","component":"monitor"}
{"time":"2025-07-22T07:27:02.06062613-05:00","level":"INFO","msg":"Registered health check","component":"health_monitor","name":"component_registry","critical":true}
{"time":"2025-07-22T07:27:02.060646919-05:00","level":"INFO","msg":"Registered health check","component":"health_monitor","name":"templ_binary","critical":true}
{"time":"2025-07-22T07:27:02.060649746-05:00","level":"INFO","msg":"Registered health check","component":"health_monitor","name":"cache_directory","critical":false}
{"time":"2025-07-22T07:27:02.060651871-05:00","level":"INFO","msg":"Starting monitor","component":"monitor","metrics_enabled":true,"health_enabled":true,"http_enabled":true}
{"time":"2025-07-22T07:27:02.060656725-05:00","level":"INFO","msg":"Metrics collector started","component":"monitor"}
{"time":"2025-07-22T07:27:02.060658946-05:00","level":"INFO","msg":"Registered health check","component":"health_monitor","name":"filesystem","critical":true}
{"time":"2025-07-22T07:27:02.060660995-05:00","level":"INFO","msg":"Registered health check","component":"health_monitor","name":"memory","critical":true}
{"time":"2025-07-22T07:27:02.060663077-05:00","level":"INFO","msg":"Registered health check","component":"health_monitor","name":"goroutines","critical":false}
{"time":"2025-07-22T07:27:02.060666856-05:00","level":"INFO","msg":"Health monitor started","component":"health_monitor","interval":30000000000}
{"time":"2025-07-22T07:27:02.060668975-05:00","level":"INFO","msg":"Health monitor started","component":"monitor"}
{"time":"2025-07-22T07:27:02.060672054-05:00","level":"INFO","msg":"HTTP server started","component":"monitor","addr":"localhost:8081"}
{"time":"2025-07-22T07:27:02.060673807-05:00","level":"INFO","msg":"Monitor started successfully","component":"monitor"}
{"time":"2025-07-22T07:27:02.061451539-05:00","level":"ERROR","msg":"HTTP server error","component":"monitor","error":"listen tcp 127.0.0.1:8081: bind: address already in use","error_type":"*net.OpError"}
{"time":"2025-07-22T07:27:02.168822942-05:00","level":"INFO","msg":"Registered health check","component":"health_monitor","name":"component_registry","critical":true}
{"time":"2025-07-22T07:27:02.168843076-05:00","level":"INFO","msg":"Registered health check","component":"health_monitor","name":"templ_binary","critical":true}
{"time":"2025-07-22T07:27:02.168849205-05:00","level":"INFO","msg":"Registered health check","component":"health_monitor","name":"cache_directory","critical":false}
{"time":"2025-07-22T07:27:02.168851435-05:00","level":"INFO","msg":"Starting monitor","component":"monitor","metrics_enabled":true,"health_enabled":true,"http_enabled":true}
{"time":"2025-07-22T07:27:02.168857085-05:00","level":"INFO","msg":"Metrics collector started","component":"monitor"}
{"time":"2025-07-22T07:27:02.168859327-05:00","level":"INFO","msg":"Registered health check","component":"health_monitor","name":"filesystem","critical":true}
{"time":"2025-07-22T07:27:02.168861543-05:00","level":"INFO","msg":"Registered health check","component":"health_monitor","name":"memory","critical":true}
{"time":"2025-07-22T07:27:02.168863658-05:00","level":"INFO","msg":"Registered health check","component":"health_monitor","name":"goroutines","critical":false}
{"time":"2025-07-22T07:27:02.168869833-05:00","level":"INFO","msg":"Health monitor started","component":"health_monitor","interval":30000000000}
{"time":"2025-07-22T07:27:02.168872036-05:00","level":"INFO","msg":"Health monitor started","component":"monitor"}
{"time":"2025-07-22T07:27:02.168879309-05:00","level":"INFO","msg":"HTTP server started","component":"monitor","addr":"localhost:8081"}
{"time":"2025-07-22T07:27:02.168881239-05:00","level":"INFO","msg":"Monitor started successfully","component":"monitor"}
{"time":"2025-07-22T07:27:02.169752255-05:00","level":"ERROR","msg":"HTTP server error","component":"monitor","error":"listen tcp 127.0.0.1:8081: bind: address already in use","error_type":"*net.OpError"}
{"time":"2025-07-22T07:27:02.47619415-05:00","level":"INFO","msg":"Registered health check","component":"health_monitor","name":"component_registry","critical":true}
{"time":"2025-07-22T07:27:02.476227813-05:00","level":"INFO","msg":"Registered health check","component":"health_monitor","name":"templ_binary","critical":true}
{"time":"2025-07-22T07:27:02.476232609-05:00","level":"INFO","msg":"Registered health check","component":"health_monitor","name":"cache_directory","critical":false}
{"time":"2025-07-22T07:27:02.476236411-05:00","level":"INFO","msg":"Starting monitor","component":"monitor","metrics_enabled":true,"health_enabled":true,"http_enabled":true}
{"time":"2025-07-22T07:27:02.476244441-05:00","level":"INFO","msg":"Metrics collector started","component":"monitor"}
{"time":"2025-07-22T07:27:02.476248465-05:00","level":"INFO","msg":"Registered health check","component":"health_monitor","name":"filesystem","critical":true}
{"time":"2025-07-22T07:27:02.476253923-05:00","level":"INFO","msg":"Registered health check","component":"health_monitor","name":"memory","critical":true}
{"time":"2025-07-22T07:27:02.476258002-05:00","level":"INFO","msg":"Registered health check","component":"health_monitor","name":"goroutines","critical":false}
{"time":"2025-07-22T07:27:02.476262869-05:00","level":"INFO","msg":"Health monitor started","component":"health_monitor","interval":30000000000}
{"time":"2025-07-22T07:27:02.476267134-05:00","level":"INFO","msg":"Health monitor started","component":"monitor"}
{"time":"2025-07-22T07:27:02.476273194-05:00","level":"INFO","msg":"HTTP server started","component":"monitor","addr":"localhost:8081"}
{"time":"2025-07-22T07:27:02.476276622-05:00","level":"INFO","msg":"Monitor started successfully","component":"monitor"}
{"time":"2025-07-22T07:27:02.477320039-05:00","level":"ERROR","msg":"HTTP server error","component":"monitor","error":"listen tcp 127.0.0.1:8081: bind: address already in use","error_type":"*net.OpError"}
{"time":"2025-07-22T07:27:02.578304571-05:00","level":"INFO","msg":"Registered health check","component":"health_monitor","name":"component_registry","critical":true}
{"time":"2025-07-22T07:27:02.578330231-05:00","level":"INFO","msg":"Registered health check","component":"health_monitor","name":"templ_binary","critical":true}
{"time":"2025-07-22T07:27:02.578334175-05:00","level":"INFO","msg":"Registered health check","component":"health_monitor","name":"cache_directory","critical":false}
{"time":"2025-07-22T07:27:02.578337318-05:00","level":"INFO","msg":"Starting monitor","component":"monitor","metrics_enabled":true,"health_enabled":true,"http_enabled":true}
{"time":"2025-07-22T07:27:02.57834378-05:00","level":"INFO","msg":"Metrics collector started","component":"monitor"}
{"time":"2025-07-22T07:27:02.578348276-05:00","level":"INFO","msg":"Registered health check","component":"health_monitor","name":"filesystem","critical":true}
{"time":"2025-07-22T07:27:02.578351303-05:00","level":"INFO","msg":"Registered health check","component":"health_monitor","name":"memory","critical":true}
{"time":"2025-07-22T07:27:02.578353764-05:00","level":"INFO","msg":"Registered health check","component":"health_monitor","name":"goroutines","critical":false}
{"time":"2025-07-22T07:27:02.578357098-05:00","level":"INFO","msg":"Health monitor started","component":"health_monitor","interval":30000000000}
{"time":"2025-07-22T07:27:02.578359757-05:00","level":"INFO","msg":"Health monitor started","component":"monitor"}
{"time":"2025-07-22T07:27:02.57836321-05:00","level":"INFO","msg":"HTTP server started","component":"monitor","addr":"localhost:8081"}
{"time":"2025-07-22T07:27:02.578365346-05:00","level":"INFO","msg":"Monitor started successfully","component":"monitor"}
{"time":"2025-07-22T07:27:02.579007788-05:00","level":"ERROR","msg":"HTTP server error","component":"monitor","error":"listen tcp 127.0.0.1:8081: bind: address already in use","error_type":"*net.OpError"}
{"time":"2025-07-22T07:27:02.779961935-05:00","level":"INFO","msg":"Registered health check","component":"health_monitor","name":"component_registry","critical":true}
{"time":"2025-07-22T07:27:02.779993397-05:00","level":"INFO","msg":"Registered health check","component":"health_monitor","name":"templ_binary","critical":true}
{"time":"2025-07-22T07:27:02.779997965-05:00","level":"INFO","msg":"Registered health check","component":"health_monitor","name":"cache_directory","critical":false}
{"time":"2025-07-22T07:27:02.780001547-05:00","level":"INFO","msg":"Starting monitor","component":"monitor","metrics_enabled":true,"health_enabled":true,"http_enabled":true}
{"time":"2025-07-22T07:27:02.780008641-05:00","level":"INFO","msg":"Metrics collector started","component":"monitor"}
{"time":"2025-07-22T07:27:02.780012803-05:00","level":"INFO","msg":"Registered health check","component":"health_monitor","name":"filesystem","critical":true}
{"time":"2025-07-22T07:27:02.780016478-05:00","level":"INFO","msg":"Registered health check","component":"health_monitor","name":"memory","critical":true}
{"time":"2025-07-22T07:27:02.780020054-05:00","level":"INFO","msg":"Registered health check","component":"health_monitor","name":"goroutines","critical":false}
{"time":"2025-07-22T07:27:02.780024586-05:00","level":"INFO","msg":"Health monitor started","component":"health_monitor","interval":30000000000}
{"time":"2025-07-22T07:27:02.780028383-05:00","level":"INFO","msg":"Health monitor started","component":"monitor"}
{"time":"2025-07-22T07:27:02.780032803-05:00","level":"INFO","msg":"HTTP server started","component":"monitor","addr":"localhost:8081"}
{"time":"2025-07-22T07:27:02.780035531-05:00","level":"INFO","msg":"Monitor started successfully","component":"monitor"}
{"time":"2025-07-22T07:27:02.780494834-05:00","level":"ERROR","msg":"HTTP server error","component":"monitor","error":"listen tcp 127.0.0.1:8081: bind: address already in use","error_type":"*net.OpError"}
{"time":"2025-07-22T07:27:02.831143646-05:00","level":"INFO","msg":"Registered health check","component":"health_monitor","name":"component_registry","critical":true}
{"time":"2025-07-22T07:27:02.831184355-05:00","level":"INFO","msg":"Registered health check","component":"health_monitor","name":"templ_binary","critical":true}
{"time":"2025-07-22T07:27:02.83119007-05:00","level":"INFO","msg":"Registered health check","component":"health_monitor","name":"cache_directory","critical":false}
{"time":"2025-07-22T07:27:02.831194499-05:00","level":"INFO","msg":"Starting monitor","component":"monitor","metrics_enabled":true,"health_enabled":true,"http_enabled":true}
{"time":"2025-07-22T07:27:02.831203311-05:00","level":"INFO","msg":"Metrics collector started","component":"monitor"}
{"time":"2025-07-22T07:27:02.831208053-05:00","level":"INFO","msg":"Registered health check","component":"health_monitor","name":"filesystem","critical":true}
{"time":"2025-07-22T07:27:02.83121286-05:00","level":"INFO","msg":"Registered health check","component":"health_monitor","name":"memory","critical":true}
{"time":"2025-07-22T07:27:02.831217317-05:00","level":"INFO","msg":"Registered health check","component":"health_monitor","name":"goroutines","critical":false}
{"time":"2025-07-22T07:27:02.831222193-05:00","level":"INFO","msg":"Health monitor started","component":"health_monitor","interval":30000000000}
{"time":"2025-07-22T07:27:02.831226619-05:00","level":"INFO","msg":"Health monitor started","component":"monitor"}
{"time":"2025-07-22T07:27:02.831231948-05:00","level":"INFO","msg":"HTTP server started","component":"monitor","addr":"localhost:8081"}
{"time":"2025-07-22T07:27:02.831235766-05:00","level":"INFO","msg":"Monitor started successfully","component":"monitor"}
{"time":"2025-07-22T07:27:02.831821468-05:00","level":"ERROR","msg":"HTTP server error","component":"monitor","error":"listen tcp 127.0.0.1:8081: bind: address already in use","error_type":"*net.OpError"}
{"time":"2025-07-22T07:27:02.882461123-05:00","level":"INFO","msg":"Registered health check","component":"health_monitor","name":"component_registry","critical":true}
{"time":"2025-07-22T07:27:02.882500019-05:00","level":"INFO","msg":"Registered health check","component":"health_monitor","name":"templ_binary","critical":true}
{"time":"2025-07-22T07:27:02.882516976-05:00","level":"INFO","msg":"Registered health check","component":"health_monitor","name":"cache_directory","critical":false}
{"time":"2025-07-22T07:27:02.882521285-05:00","level":"INFO","msg":"Starting monitor","component":"monitor","metrics_enabled":true,"health_enabled":true,"http_enabled":true}
{"time":"2025-07-22T07:27:02.882530559-05:00","level":"INFO","msg":"Metrics collector started","component":"monitor"}
{"time":"2025-07-22T07:27:02.882534386-05:00","level":"INFO","msg":"Registered health check","component":"health_monitor","name":"filesystem","critical":true}
{"time":"2025-07-22T07:27:02.882538195-05:00","level":"INFO","msg":"Registered health check","component":"health_monitor","name":"memory","critical":true}
{"time":"2025-07-22T07:27:02.882541882-05:00","level":"INFO","msg":"Registered health check","component":"health_monitor","name":"goroutines","critical":false}
{"time":"2025-07-22T07:27:02.882546797-05:00","level":"INFO","msg":"Health monitor started","component":"health_monitor","interval":30000000000}
{"time":"2025-07-22T07:27:02.88255283-05:00","level":"INFO","msg":"Health monitor started","component":"monitor"}
{"time":"2025-07-22T07:27:02.88255939-05:00","level":"INFO","msg":"HTTP server started","component":"monitor","addr":"localhost:8081"}
{"time":"2025-07-22T07:27:02.88256403-05:00","level":"INFO","msg":"Monitor started successfully","component":"monitor"}
{"time":"2025-07-22T07:27:02.883459006-05:00","level":"ERROR","msg":"HTTP server error","component":"monitor","error":"listen tcp 127.0.0.1:8081: bind: address already in use","error_type":"*net.OpError"}
{"time":"2025-07-22T07:27:02.93426674-05:00","level":"INFO","msg":"Registered health check","component":"health_monitor","name":"component_registry","critical":true}
{"time":"2025-07-22T07:27:02.934287626-05:00","level":"INFO","msg":"Registered health check","component":"health_monitor","name":"templ_binary","critical":true}
{"time":"2025-07-22T07:27:02.934290656-05:00","level":"INFO","msg":"Registered health check","component":"health_monitor","name":"cache_directory","critical":false}
{"time":"2025-07-22T07:27:02.934293272-05:00","level":"INFO","msg":"Starting monitor","component":"monitor","metrics_enabled":true,"health_enabled":true,"http_enabled":true}
{"time":"2025-07-22T07:27:02.934300529-05:00","level":"INFO","msg":"Metrics collector started","component":"monitor"}
{"time":"2025-07-22T07:27:02.934303265-05:00","level":"INFO","msg":"Registered health check","component":"health_monitor","name":"filesystem","critical":true}
{"time":"2025-07-22T07:27:02.934305809-05:00","level":"INFO","msg":"Registered health check","component":"health_monitor","name":"memory","critical":true}
{"time":"2025-07-22T07:27:02.934308271-05:00","level":"INFO","msg":"Registered health check","component":"health_monitor","name":"goroutines","critical":false}
{"time":"2025-07-22T07:27:02.934311301-05:00","level":"INFO","msg":"Health monitor started","component":"health_monitor","interval":30000000000}
{"time":"2025-07-22T07:27:02.934313826-05:00","level":"INFO","msg":"Health monitor started","component":"monitor"}
{"time":"2025-07-22T07:27:02.934318902-05:00","level":"INFO","msg":"HTTP server started","component":"monitor","addr":"localhost:8081"}
{"time":"2025-07-22T07:27:02.934321-05:00","level":"INFO","msg":"Monitor started successfully","component":"monitor"}
{"time":"2025-07-22T07:27:02.934951171-05:00","level":"ERROR","msg":"HTTP server error","component":"monitor","error":"listen tcp 127.0.0.1:8081: bind: address already in use","error_type":"*net.OpError"}
