{"time":"2025-07-21T07:02:16.323420941-05:00","level":"INFO","msg":"Registered health check","component":"health_monitor","name":"component_registry","critical":true}
{"time":"2025-07-21T07:02:16.323445137-05:00","level":"INFO","msg":"Registered health check","component":"health_monitor","name":"templ_binary","critical":true}
{"time":"2025-07-21T07:02:16.323448765-05:00","level":"INFO","msg":"Registered health check","component":"health_monitor","name":"cache_directory","critical":false}
{"time":"2025-07-21T07:02:16.323451326-05:00","level":"INFO","msg":"Starting monitor","component":"monitor","metrics_enabled":true,"health_enabled":true,"http_enabled":true}
{"time":"2025-07-21T07:02:16.32345641-05:00","level":"INFO","msg":"Metrics collector started","component":"monitor"}
{"time":"2025-07-21T07:02:16.32345874-05:00","level":"INFO","msg":"Registered health check","component":"health_monitor","name":"filesystem","critical":true}
{"time":"2025-07-21T07:02:16.323461066-05:00","level":"INFO","msg":"Registered health check","component":"health_monitor","name":"memory","critical":true}
{"time":"2025-07-21T07:02:16.323465113-05:00","level":"INFO","msg":"Registered health check","component":"health_monitor","name":"goroutines","critical":false}
{"time":"2025-07-21T07:02:16.32347241-05:00","level":"INFO","msg":"Health monitor started","component":"health_monitor","interval":30000000000}
{"time":"2025-07-21T07:02:16.323476196-05:00","level":"INFO","msg":"Health monitor started","component":"monitor"}
{"time":"2025-07-21T07:02:16.323505478-05:00","level":"INFO","msg":"HTTP server started","component":"monitor","addr":"localhost:8081"}
{"time":"2025-07-21T07:02:16.323508781-05:00","level":"INFO","msg":"Monitor started successfully","component":"monitor"}
{"time":"2025-07-21T07:02:16.425216097-05:00","level":"INFO","msg":"Registered health check","component":"health_monitor","name":"component_registry","critical":true}
{"time":"2025-07-21T07:02:16.425241641-05:00","level":"INFO","msg":"Registered health check","component":"health_monitor","name":"templ_binary","critical":true}
{"time":"2025-07-21T07:02:16.425246741-05:00","level":"INFO","msg":"Registered health check","component":"health_monitor","name":"cache_directory","critical":false}
{"time":"2025-07-21T07:02:16.425250686-05:00","level":"INFO","msg":"Starting monitor","component":"monitor","metrics_enabled":true,"health_enabled":true,"http_enabled":true}
{"time":"2025-07-21T07:02:16.425258028-05:00","level":"INFO","msg":"Metrics collector started","component":"monitor"}
{"time":"2025-07-21T07:02:16.425262076-05:00","level":"INFO","msg":"Registered health check","component":"health_monitor","name":"filesystem","critical":true}
{"time":"2025-07-21T07:02:16.425266072-05:00","level":"INFO","msg":"Registered health check","component":"health_monitor","name":"memory","critical":true}
{"time":"2025-07-21T07:02:16.425269918-05:00","level":"INFO","msg":"Registered health check","component":"health_monitor","name":"goroutines","critical":false}
{"time":"2025-07-21T07:02:16.425274142-05:00","level":"INFO","msg":"Health monitor started","component":"health_monitor","interval":30000000000}
{"time":"2025-07-21T07:02:16.425277746-05:00","level":"INFO","msg":"Health monitor started","component":"monitor"}
{"time":"2025-07-21T07:02:16.425284753-05:00","level":"INFO","msg":"HTTP server started","component":"monitor","addr":"localhost:8081"}
{"time":"2025-07-21T07:02:16.425287927-05:00","level":"INFO","msg":"Monitor started successfully","component":"monitor"}
{"time":"2025-07-21T07:02:16.425982707-05:00","level":"ERROR","msg":"HTTP server error","component":"monitor","error":"listen tcp 127.0.0.1:8081: bind: address already in use","error_type":"*net.OpError"}
{"time":"2025-07-21T07:02:16.535246693-05:00","level":"INFO","msg":"Registered health check","component":"health_monitor","name":"component_registry","critical":true}
{"time":"2025-07-21T07:02:16.535261983-05:00","level":"INFO","msg":"Registered health check","component":"health_monitor","name":"templ_binary","critical":true}
{"time":"2025-07-21T07:02:16.535264472-05:00","level":"INFO","msg":"Registered health check","component":"health_monitor","name":"cache_directory","critical":false}
{"time":"2025-07-21T07:02:16.535271169-05:00","level":"INFO","msg":"Starting monitor","component":"monitor","metrics_enabled":true,"health_enabled":true,"http_enabled":true}
{"time":"2025-07-21T07:02:16.535276516-05:00","level":"INFO","msg":"Metrics collector started","component":"monitor"}
{"time":"2025-07-21T07:02:16.535278829-05:00","level":"INFO","msg":"Registered health check","component":"health_monitor","name":"filesystem","critical":true}
{"time":"2025-07-21T07:02:16.535281042-05:00","level":"INFO","msg":"Registered health check","component":"health_monitor","name":"memory","critical":true}
{"time":"2025-07-21T07:02:16.535283027-05:00","level":"INFO","msg":"Registered health check","component":"health_monitor","name":"goroutines","critical":false}
{"time":"2025-07-21T07:02:16.53528561-05:00","level":"INFO","msg":"Health monitor started","component":"health_monitor","interval":30000000000}
{"time":"2025-07-21T07:02:16.535287782-05:00","level":"INFO","msg":"Health monitor started","component":"monitor"}
{"time":"2025-07-21T07:02:16.535290443-05:00","level":"INFO","msg":"HTTP server started","component":"monitor","addr":"localhost:8081"}
{"time":"2025-07-21T07:02:16.535292102-05:00","level":"INFO","msg":"Monitor started successfully","component":"monitor"}
{"time":"2025-07-21T07:02:16.535875424-05:00","level":"ERROR","msg":"HTTP server error","component":"monitor","error":"listen tcp 127.0.0.1:8081: bind: address already in use","error_type":"*net.OpError"}
{"time":"2025-07-21T07:02:16.846071226-05:00","level":"INFO","msg":"Registered health check","component":"health_monitor","name":"component_registry","critical":true}
{"time":"2025-07-21T07:02:16.846089389-05:00","level":"INFO","msg":"Registered health check","component":"health_monitor","name":"templ_binary","critical":true}
{"time":"2025-07-21T07:02:16.846092595-05:00","level":"INFO","msg":"Registered health check","component":"health_monitor","name":"cache_directory","critical":false}
{"time":"2025-07-21T07:02:16.846095068-05:00","level":"INFO","msg":"Starting monitor","component":"monitor","metrics_enabled":true,"health_enabled":true,"http_enabled":true}
{"time":"2025-07-21T07:02:16.846100517-05:00","level":"INFO","msg":"Metrics collector started","component":"monitor"}
{"time":"2025-07-21T07:02:16.846103617-05:00","level":"INFO","msg":"Registered health check","component":"health_monitor","name":"filesystem","critical":true}
{"time":"2025-07-21T07:02:16.846106376-05:00","level":"INFO","msg":"Registered health check","component":"health_monitor","name":"memory","critical":true}
{"time":"2025-07-21T07:02:16.846108764-05:00","level":"INFO","msg":"Registered health check","component":"health_monitor","name":"goroutines","critical":false}
{"time":"2025-07-21T07:02:16.846111892-05:00","level":"INFO","msg":"Health monitor started","component":"health_monitor","interval":30000000000}
{"time":"2025-07-21T07:02:16.846114312-05:00","level":"INFO","msg":"Health monitor started","component":"monitor"}
{"time":"2025-07-21T07:02:16.846117426-05:00","level":"INFO","msg":"HTTP server started","component":"monitor","addr":"localhost:8081"}
{"time":"2025-07-21T07:02:16.846119811-05:00","level":"INFO","msg":"Monitor started successfully","component":"monitor"}
{"time":"2025-07-21T07:02:16.846746985-05:00","level":"ERROR","msg":"HTTP server error","component":"monitor","error":"listen tcp 127.0.0.1:8081: bind: address already in use","error_type":"*net.OpError"}
{"time":"2025-07-21T07:02:16.950168962-05:00","level":"INFO","msg":"Registered health check","component":"health_monitor","name":"component_registry","critical":true}
{"time":"2025-07-21T07:02:16.950201152-05:00","level":"INFO","msg":"Registered health check","component":"health_monitor","name":"templ_binary","critical":true}
{"time":"2025-07-21T07:02:16.950206254-05:00","level":"INFO","msg":"Registered health check","component":"health_monitor","name":"cache_directory","critical":false}
{"time":"2025-07-21T07:02:16.950216902-05:00","level":"INFO","msg":"Starting monitor","component":"monitor","metrics_enabled":true,"health_enabled":true,"http_enabled":true}
{"time":"2025-07-21T07:02:16.950222968-05:00","level":"INFO","msg":"Metrics collector started","component":"monitor"}
{"time":"2025-07-21T07:02:16.950227686-05:00","level":"INFO","msg":"Registered health check","component":"health_monitor","name":"filesystem","critical":true}
{"time":"2025-07-21T07:02:16.950232317-05:00","level":"INFO","msg":"Registered health check","component":"health_monitor","name":"memory","critical":true}
{"time":"2025-07-21T07:02:16.950237152-05:00","level":"INFO","msg":"Registered health check","component":"health_monitor","name":"goroutines","critical":false}
{"time":"2025-07-21T07:02:16.950243019-05:00","level":"INFO","msg":"Health monitor started","component":"health_monitor","interval":30000000000}
{"time":"2025-07-21T07:02:16.950247535-05:00","level":"INFO","msg":"Health monitor started","component":"monitor"}
{"time":"2025-07-21T07:02:16.950252997-05:00","level":"INFO","msg":"HTTP server started","component":"monitor","addr":"localhost:8081"}
{"time":"2025-07-21T07:02:16.950255542-05:00","level":"INFO","msg":"Monitor started successfully","component":"monitor"}
{"time":"2025-07-21T07:02:16.95261693-05:00","level":"ERROR","msg":"HTTP server error","component":"monitor","error":"listen tcp 127.0.0.1:8081: bind: address already in use","error_type":"*net.OpError"}
{"time":"2025-07-21T07:02:17.151792395-05:00","level":"INFO","msg":"Registered health check","component":"health_monitor","name":"component_registry","critical":true}
{"time":"2025-07-21T07:02:17.151822483-05:00","level":"INFO","msg":"Registered health check","component":"health_monitor","name":"templ_binary","critical":true}
{"time":"2025-07-21T07:02:17.151827609-05:00","level":"INFO","msg":"Registered health check","component":"health_monitor","name":"cache_directory","critical":false}
{"time":"2025-07-21T07:02:17.151832175-05:00","level":"INFO","msg":"Starting monitor","component":"monitor","metrics_enabled":true,"health_enabled":true,"http_enabled":true}
{"time":"2025-07-21T07:02:17.151857929-05:00","level":"INFO","msg":"Metrics collector started","component":"monitor"}
{"time":"2025-07-21T07:02:17.151864051-05:00","level":"INFO","msg":"Registered health check","component":"health_monitor","name":"filesystem","critical":true}
{"time":"2025-07-21T07:02:17.151868313-05:00","level":"INFO","msg":"Registered health check","component":"health_monitor","name":"memory","critical":true}
{"time":"2025-07-21T07:02:17.151872434-05:00","level":"INFO","msg":"Registered health check","component":"health_monitor","name":"goroutines","critical":false}
{"time":"2025-07-21T07:02:17.151877589-05:00","level":"INFO","msg":"Health monitor started","component":"health_monitor","interval":30000000000}
{"time":"2025-07-21T07:02:17.151882487-05:00","level":"INFO","msg":"Health monitor started","component":"monitor"}
{"time":"2025-07-21T07:02:17.15188802-05:00","level":"INFO","msg":"HTTP server started","component":"monitor","addr":"localhost:8081"}
{"time":"2025-07-21T07:02:17.151891792-05:00","level":"INFO","msg":"Monitor started successfully","component":"monitor"}
{"time":"2025-07-21T07:02:17.15288486-05:00","level":"ERROR","msg":"HTTP server error","component":"monitor","error":"listen tcp 127.0.0.1:8081: bind: address already in use","error_type":"*net.OpError"}
{"time":"2025-07-21T07:02:17.203679893-05:00","level":"INFO","msg":"Registered health check","component":"health_monitor","name":"component_registry","critical":true}
{"time":"2025-07-21T07:02:17.203707409-05:00","level":"INFO","msg":"Registered health check","component":"health_monitor","name":"templ_binary","critical":true}
{"time":"2025-07-21T07:02:17.203710639-05:00","level":"INFO","msg":"Registered health check","component":"health_monitor","name":"cache_directory","critical":false}
{"time":"2025-07-21T07:02:17.203713431-05:00","level":"INFO","msg":"Starting monitor","component":"monitor","metrics_enabled":true,"health_enabled":true,"http_enabled":true}
{"time":"2025-07-21T07:02:17.203724133-05:00","level":"INFO","msg":"Metrics collector started","component":"monitor"}
{"time":"2025-07-21T07:02:17.203727035-05:00","level":"INFO","msg":"Registered health check","component":"health_monitor","name":"filesystem","critical":true}
{"time":"2025-07-21T07:02:17.203729633-05:00","level":"INFO","msg":"Registered health check","component":"health_monitor","name":"memory","critical":true}
{"time":"2025-07-21T07:02:17.203732241-05:00","level":"INFO","msg":"Registered health check","component":"health_monitor","name":"goroutines","critical":false}
{"time":"2025-07-21T07:02:17.203735816-05:00","level":"INFO","msg":"Health monitor started","component":"health_monitor","interval":30000000000}
{"time":"2025-07-21T07:02:17.20373941-05:00","level":"INFO","msg":"Health monitor started","component":"monitor"}
{"time":"2025-07-21T07:02:17.203742739-05:00","level":"INFO","msg":"HTTP server started","component":"monitor","addr":"localhost:8081"}
{"time":"2025-07-21T07:02:17.203744961-05:00","level":"INFO","msg":"Monitor started successfully","component":"monitor"}
{"time":"2025-07-21T07:02:17.204490878-05:00","level":"ERROR","msg":"HTTP server error","component":"monitor","error":"listen tcp 127.0.0.1:8081: bind: address already in use","error_type":"*net.OpError"}
{"time":"2025-07-21T07:02:17.257972944-05:00","level":"INFO","msg":"Registered health check","component":"health_monitor","name":"component_registry","critical":true}
{"time":"2025-07-21T07:02:17.258029887-05:00","level":"INFO","msg":"Registered health check","component":"health_monitor","name":"templ_binary","critical":true}
{"time":"2025-07-21T07:02:17.258035486-05:00","level":"INFO","msg":"Registered health check","component":"health_monitor","name":"cache_directory","critical":false}
{"time":"2025-07-21T07:02:17.258041352-05:00","level":"INFO","msg":"Starting monitor","component":"monitor","metrics_enabled":true,"health_enabled":true,"http_enabled":true}
{"time":"2025-07-21T07:02:17.258048638-05:00","level":"INFO","msg":"Metrics collector started","component":"monitor"}
{"time":"2025-07-21T07:02:17.258053112-05:00","level":"INFO","msg":"Registered health check","component":"health_monitor","name":"filesystem","critical":true}
{"time":"2025-07-21T07:02:17.258057775-05:00","level":"INFO","msg":"Registered health check","component":"health_monitor","name":"memory","critical":true}
{"time":"2025-07-21T07:02:17.25806449-05:00","level":"INFO","msg":"Registered health check","component":"health_monitor","name":"goroutines","critical":false}
{"time":"2025-07-21T07:02:17.258070619-05:00","level":"INFO","msg":"Health monitor started","component":"health_monitor","interval":30000000000}
{"time":"2025-07-21T07:02:17.258075537-05:00","level":"INFO","msg":"Health monitor started","component":"monitor"}
{"time":"2025-07-21T07:02:17.258080248-05:00","level":"INFO","msg":"HTTP server started","component":"monitor","addr":"localhost:8081"}
{"time":"2025-07-21T07:02:17.258083933-05:00","level":"INFO","msg":"Monitor started successfully","component":"monitor"}
{"time":"2025-07-21T07:02:17.258816454-05:00","level":"ERROR","msg":"HTTP server error","component":"monitor","error":"listen tcp 127.0.0.1:8081: bind: address already in use","error_type":"*net.OpError"}
{"time":"2025-07-21T07:02:17.31060806-05:00","level":"INFO","msg":"Registered health check","component":"health_monitor","name":"component_registry","critical":true}
{"time":"2025-07-21T07:02:17.310640121-05:00","level":"INFO","msg":"Registered health check","component":"health_monitor","name":"templ_binary","critical":true}
{"time":"2025-07-21T07:02:17.310645539-05:00","level":"INFO","msg":"Registered health check","component":"health_monitor","name":"cache_directory","critical":false}
{"time":"2025-07-21T07:02:17.310651012-05:00","level":"INFO","msg":"Starting monitor","component":"monitor","metrics_enabled":true,"health_enabled":true,"http_enabled":true}
{"time":"2025-07-21T07:02:17.310657049-05:00","level":"INFO","msg":"Metrics collector started","component":"monitor"}
{"time":"2025-07-21T07:02:17.310667801-05:00","level":"INFO","msg":"Registered health check","component":"health_monitor","name":"filesystem","critical":true}
{"time":"2025-07-21T07:02:17.310672159-05:00","level":"INFO","msg":"Registered health check","component":"health_monitor","name":"memory","critical":true}
{"time":"2025-07-21T07:02:17.310676182-05:00","level":"INFO","msg":"Registered health check","component":"health_monitor","name":"goroutines","critical":false}
{"time":"2025-07-21T07:02:17.310681315-05:00","level":"INFO","msg":"Health monitor started","component":"health_monitor","interval":30000000000}
{"time":"2025-07-21T07:02:17.310686571-05:00","level":"INFO","msg":"Health monitor started","component":"monitor"}
{"time":"2025-07-21T07:02:17.310691961-05:00","level":"INFO","msg":"HTTP server started","component":"monitor","addr":"localhost:8081"}
{"time":"2025-07-21T07:02:17.310695182-05:00","level":"INFO","msg":"Monitor started successfully","component":"monitor"}
{"time":"2025-07-21T07:02:17.311792183-05:00","level":"ERROR","msg":"HTTP server error","component":"monitor","error":"listen tcp 127.0.0.1:8081: bind: address already in use","error_type":"*net.OpError"}
{"time":"2025-07-21T08:44:51.915078746-05:00","level":"INFO","msg":"Registered health check","component":"health_monitor","name":"component_registry","critical":true}
{"time":"2025-07-21T08:44:51.915142976-05:00","level":"INFO","msg":"Registered health check","component":"health_monitor","name":"templ_binary","critical":true}
{"time":"2025-07-21T08:44:51.915166885-05:00","level":"INFO","msg":"Registered health check","component":"health_monitor","name":"cache_directory","critical":false}
{"time":"2025-07-21T08:44:51.915188682-05:00","level":"INFO","msg":"Starting monitor","component":"monitor","metrics_enabled":true,"health_enabled":true,"http_enabled":true}
{"time":"2025-07-21T08:44:51.915216591-05:00","level":"INFO","msg":"Metrics collector started","component":"monitor"}
{"time":"2025-07-21T08:44:51.915237371-05:00","level":"INFO","msg":"Registered health check","component":"health_monitor","name":"filesystem","critical":true}
{"time":"2025-07-21T08:44:51.915258529-05:00","level":"INFO","msg":"Registered health check","component":"health_monitor","name":"memory","critical":true}
{"time":"2025-07-21T08:44:51.915280063-05:00","level":"INFO","msg":"Registered health check","component":"health_monitor","name":"goroutines","critical":false}
{"time":"2025-07-21T08:44:51.915308992-05:00","level":"INFO","msg":"Health monitor started","component":"health_monitor","interval":30000000000}
{"time":"2025-07-21T08:44:51.915344732-05:00","level":"INFO","msg":"Health monitor started","component":"monitor"}
{"time":"2025-07-21T08:44:51.915403241-05:00","level":"INFO","msg":"HTTP server started","component":"monitor","addr":"localhost:8081"}
{"time":"2025-07-21T08:44:51.915423385-05:00","level":"INFO","msg":"Monitor started successfully","component":"monitor"}
{"time":"2025-07-21T08:44:52.019748916-05:00","level":"INFO","msg":"Registered health check","component":"health_monitor","name":"component_registry","critical":true}
{"time":"2025-07-21T08:44:52.01981604-05:00","level":"INFO","msg":"Registered health check","component":"health_monitor","name":"templ_binary","critical":true}
{"time":"2025-07-21T08:44:52.019847126-05:00","level":"INFO","msg":"Registered health check","component":"health_monitor","name":"cache_directory","critical":false}
{"time":"2025-07-21T08:44:52.019874042-05:00","level":"INFO","msg":"Starting monitor","component":"monitor","metrics_enabled":true,"health_enabled":true,"http_enabled":true}
{"time":"2025-07-21T08:44:52.019920751-05:00","level":"INFO","msg":"Metrics collector started","component":"monitor"}
{"time":"2025-07-21T08:44:52.019946181-05:00","level":"INFO","msg":"Registered health check","component":"health_monitor","name":"filesystem","critical":true}
{"time":"2025-07-21T08:44:52.019971792-05:00","level":"INFO","msg":"Registered health check","component":"health_monitor","name":"memory","critical":true}
{"time":"2025-07-21T08:44:52.020002933-05:00","level":"INFO","msg":"Registered health check","component":"health_monitor","name":"goroutines","critical":false}
{"time":"2025-07-21T08:44:52.020036185-05:00","level":"INFO","msg":"Health monitor started","component":"health_monitor","interval":30000000000}
{"time":"2025-07-21T08:44:52.020055471-05:00","level":"INFO","msg":"Health monitor started","component":"monitor"}
{"time":"2025-07-21T08:44:52.020084715-05:00","level":"INFO","msg":"HTTP server started","component":"monitor","addr":"localhost:8081"}
{"time":"2025-07-21T08:44:52.020103768-05:00","level":"INFO","msg":"Monitor started successfully","component":"monitor"}
{"time":"2025-07-21T08:44:52.02125088-05:00","level":"ERROR","msg":"HTTP server error","component":"monitor","error":"listen tcp 127.0.0.1:8081: bind: address already in use","error_type":"*net.OpError"}
{"time":"2025-07-21T08:44:52.123370969-05:00","level":"INFO","msg":"Registered health check","component":"health_monitor","name":"component_registry","critical":true}
{"time":"2025-07-21T08:44:52.123423209-05:00","level":"INFO","msg":"Registered health check","component":"health_monitor","name":"templ_binary","critical":true}
{"time":"2025-07-21T08:44:52.123451056-05:00","level":"INFO","msg":"Registered health check","component":"health_monitor","name":"cache_directory","critical":false}
{"time":"2025-07-21T08:44:52.123469735-05:00","level":"INFO","msg":"Starting monitor","component":"monitor","metrics_enabled":true,"health_enabled":true,"http_enabled":true}
{"time":"2025-07-21T08:44:52.123504133-05:00","level":"INFO","msg":"Metrics collector started","component":"monitor"}
{"time":"2025-07-21T08:44:52.123519715-05:00","level":"INFO","msg":"Registered health check","component":"health_monitor","name":"filesystem","critical":true}
{"time":"2025-07-21T08:44:52.123539078-05:00","level":"INFO","msg":"Registered health check","component":"health_monitor","name":"memory","critical":true}
{"time":"2025-07-21T08:44:52.123555864-05:00","level":"INFO","msg":"Registered health check","component":"health_monitor","name":"goroutines","critical":false}
{"time":"2025-07-21T08:44:52.123589276-05:00","level":"INFO","msg":"Health monitor started","component":"health_monitor","interval":30000000000}
{"time":"2025-07-21T08:44:52.123605913-05:00","level":"INFO","msg":"Health monitor started","component":"monitor"}
{"time":"2025-07-21T08:44:52.123632891-05:00","level":"INFO","msg":"HTTP server started","component":"monitor","addr":"localhost:8081"}
{"time":"2025-07-21T08:44:52.123650311-05:00","level":"INFO","msg":"Monitor started successfully","component":"monitor"}
{"time":"2025-07-21T08:44:52.124655191-05:00","level":"ERROR","msg":"HTTP server error","component":"monitor","error":"listen tcp 127.0.0.1:8081: bind: address already in use","error_type":"*net.OpError"}
{"time":"2025-07-21T08:44:52.429176744-05:00","level":"INFO","msg":"Registered health check","component":"health_monitor","name":"component_registry","critical":true}
{"time":"2025-07-21T08:44:52.429244425-05:00","level":"INFO","msg":"Registered health check","component":"health_monitor","name":"templ_binary","critical":true}
{"time":"2025-07-21T08:44:52.429277851-05:00","level":"INFO","msg":"Registered health check","component":"health_monitor","name":"cache_directory","critical":false}
{"time":"2025-07-21T08:44:52.429302984-05:00","level":"INFO","msg":"Starting monitor","component":"monitor","metrics_enabled":true,"health_enabled":true,"http_enabled":true}
{"time":"2025-07-21T08:44:52.429338139-05:00","level":"INFO","msg":"Metrics collector started","component":"monitor"}
{"time":"2025-07-21T08:44:52.429369832-05:00","level":"INFO","msg":"Registered health check","component":"health_monitor","name":"filesystem","critical":true}
{"time":"2025-07-21T08:44:52.429393606-05:00","level":"INFO","msg":"Registered health check","component":"health_monitor","name":"memory","critical":true}
{"time":"2025-07-21T08:44:52.429437803-05:00","level":"INFO","msg":"Registered health check","component":"health_monitor","name":"goroutines","critical":false}
{"time":"2025-07-21T08:44:52.42947669-05:00","level":"INFO","msg":"Health monitor started","component":"health_monitor","interval":30000000000}
{"time":"2025-07-21T08:44:52.429500555-05:00","level":"INFO","msg":"Health monitor started","component":"monitor"}
{"time":"2025-07-21T08:44:52.429532041-05:00","level":"INFO","msg":"HTTP server started","component":"monitor","addr":"localhost:8081"}
{"time":"2025-07-21T08:44:52.429550679-05:00","level":"INFO","msg":"Monitor started successfully","component":"monitor"}
{"time":"2025-07-21T08:44:52.430483337-05:00","level":"ERROR","msg":"HTTP server error","component":"monitor","error":"listen tcp 127.0.0.1:8081: bind: address already in use","error_type":"*net.OpError"}
{"time":"2025-07-21T08:44:52.532023742-05:00","level":"INFO","msg":"Registered health check","component":"health_monitor","name":"component_registry","critical":true}
{"time":"2025-07-21T08:44:52.532077721-05:00","level":"INFO","msg":"Registered health check","component":"health_monitor","name":"templ_binary","critical":true}
{"time":"2025-07-21T08:44:52.532101709-05:00","level":"INFO","msg":"Registered health check","component":"health_monitor","name":"cache_directory","critical":false}
{"time":"2025-07-21T08:44:52.532127831-05:00","level":"INFO","msg":"Starting monitor","component":"monitor","metrics_enabled":true,"health_enabled":true,"http_enabled":true}
{"time":"2025-07-21T08:44:52.532158785-05:00","level":"INFO","msg":"Metrics collector started","component":"monitor"}
{"time":"2025-07-21T08:44:52.532177521-05:00","level":"INFO","msg":"Registered health check","component":"health_monitor","name":"filesystem","critical":true}
{"time":"2025-07-21T08:44:52.53219807-05:00","level":"INFO","msg":"Registered health check","component":"health_monitor","name":"memory","critical":true}
{"time":"2025-07-21T08:44:52.532216894-05:00","level":"INFO","msg":"Registered health check","component":"health_monitor","name":"goroutines","critical":false}
{"time":"2025-07-21T08:44:52.532251584-05:00","level":"INFO","msg":"Health monitor started","component":"health_monitor","interval":30000000000}
{"time":"2025-07-21T08:44:52.532269701-05:00","level":"INFO","msg":"Health monitor started","component":"monitor"}
{"time":"2025-07-21T08:44:52.532294631-05:00","level":"INFO","msg":"HTTP server started","component":"monitor","addr":"localhost:8081"}
{"time":"2025-07-21T08:44:52.532314526-05:00","level":"INFO","msg":"Monitor started successfully","component":"monitor"}
{"time":"2025-07-21T08:44:52.532935833-05:00","level":"ERROR","msg":"HTTP server error","component":"monitor","error":"listen tcp 127.0.0.1:8081: bind: address already in use","error_type":"*net.OpError"}
{"time":"2025-07-21T08:44:52.735243157-05:00","level":"INFO","msg":"Registered health check","component":"health_monitor","name":"component_registry","critical":true}
{"time":"2025-07-21T08:44:52.735307406-05:00","level":"INFO","msg":"Registered health check","component":"health_monitor","name":"templ_binary","critical":true}
{"time":"2025-07-21T08:44:52.735333702-05:00","level":"INFO","msg":"Registered health check","component":"health_monitor","name":"cache_directory","critical":false}
{"time":"2025-07-21T08:44:52.735354429-05:00","level":"INFO","msg":"Starting monitor","component":"monitor","metrics_enabled":true,"health_enabled":true,"http_enabled":true}
{"time":"2025-07-21T08:44:52.735408029-05:00","level":"INFO","msg":"Metrics collector started","component":"monitor"}
{"time":"2025-07-21T08:44:52.735427516-05:00","level":"INFO","msg":"Registered health check","component":"health_monitor","name":"filesystem","critical":true}
{"time":"2025-07-21T08:44:52.735448357-05:00","level":"INFO","msg":"Registered health check","component":"health_monitor","name":"memory","critical":true}
{"time":"2025-07-21T08:44:52.735466081-05:00","level":"INFO","msg":"Registered health check","component":"health_monitor","name":"goroutines","critical":false}
{"time":"2025-07-21T08:44:52.735491625-05:00","level":"INFO","msg":"Health monitor started","component":"health_monitor","interval":30000000000}
{"time":"2025-07-21T08:44:52.735521964-05:00","level":"INFO","msg":"Health monitor started","component":"monitor"}
{"time":"2025-07-21T08:44:52.735561545-05:00","level":"INFO","msg":"HTTP server started","component":"monitor","addr":"localhost:8081"}
{"time":"2025-07-21T08:44:52.735580742-05:00","level":"INFO","msg":"Monitor started successfully","component":"monitor"}
{"time":"2025-07-21T08:44:52.736430913-05:00","level":"ERROR","msg":"HTTP server error","component":"monitor","error":"listen tcp 127.0.0.1:8081: bind: address already in use","error_type":"*net.OpError"}
{"time":"2025-07-21T08:44:52.78751819-05:00","level":"INFO","msg":"Registered health check","component":"health_monitor","name":"component_registry","critical":true}
{"time":"2025-07-21T08:44:52.787582961-05:00","level":"INFO","msg":"Registered health check","component":"health_monitor","name":"templ_binary","critical":true}
{"time":"2025-07-21T08:44:52.787607404-05:00","level":"INFO","msg":"Registered health check","component":"health_monitor","name":"cache_directory","critical":false}
{"time":"2025-07-21T08:44:52.787629633-05:00","level":"INFO","msg":"Starting monitor","component":"monitor","metrics_enabled":true,"health_enabled":true,"http_enabled":true}
{"time":"2025-07-21T08:44:52.787666985-05:00","level":"INFO","msg":"Metrics collector started","component":"monitor"}
{"time":"2025-07-21T08:44:52.787693262-05:00","level":"INFO","msg":"Registered health check","component":"health_monitor","name":"filesystem","critical":true}
{"time":"2025-07-21T08:44:52.787725635-05:00","level":"INFO","msg":"Registered health check","component":"health_monitor","name":"memory","critical":true}
{"time":"2025-07-21T08:44:52.787751557-05:00","level":"INFO","msg":"Registered health check","component":"health_monitor","name":"goroutines","critical":false}
{"time":"2025-07-21T08:44:52.787801442-05:00","level":"INFO","msg":"Health monitor started","component":"health_monitor","interval":30000000000}
{"time":"2025-07-21T08:44:52.787834942-05:00","level":"INFO","msg":"Health monitor started","component":"monitor"}
{"time":"2025-07-21T08:44:52.787896253-05:00","level":"INFO","msg":"HTTP server started","component":"monitor","addr":"localhost:8081"}
{"time":"2025-07-21T08:44:52.787922556-05:00","level":"INFO","msg":"Monitor started successfully","component":"monitor"}
{"time":"2025-07-21T08:44:52.78928752-05:00","level":"ERROR","msg":"HTTP server error","component":"monitor","error":"listen tcp 127.0.0.1:8081: bind: address already in use","error_type":"*net.OpError"}
{"time":"2025-07-21T08:44:52.840751278-05:00","level":"INFO","msg":"Registered health check","component":"health_monitor","name":"component_registry","critical":true}
{"time":"2025-07-21T08:44:52.840820672-05:00","level":"INFO","msg":"Registered health check","component":"health_monitor","name":"templ_binary","critical":true}
{"time":"2025-07-21T08:44:52.84084956-05:00","level":"INFO","msg":"Registered health check","component":"health_monitor","name":"cache_directory","critical":false}
{"time":"2025-07-21T08:44:52.840878279-05:00","level":"INFO","msg":"Starting monitor","component":"monitor","metrics_enabled":true,"health_enabled":true,"http_enabled":true}
{"time":"2025-07-21T08:44:52.8409323-05:00","level":"INFO","msg":"Metrics collector started","component":"monitor"}
{"time":"2025-07-21T08:44:52.840959732-05:00","level":"INFO","msg":"Registered health check","component":"health_monitor","name":"filesystem","critical":true}
{"time":"2025-07-21T08:44:52.84099281-05:00","level":"INFO","msg":"Registered health check","component":"health_monitor","name":"memory","critical":true}
{"time":"2025-07-21T08:44:52.841024045-05:00","level":"INFO","msg":"Registered health check","component":"health_monitor","name":"goroutines","critical":false}
{"time":"2025-07-21T08:44:52.84105602-05:00","level":"INFO","msg":"Health monitor started","component":"health_monitor","interval":30000000000}
{"time":"2025-07-21T08:44:52.841081856-05:00","level":"INFO","msg":"Health monitor started","component":"monitor"}
{"time":"2025-07-21T08:44:52.84112841-05:00","level":"INFO","msg":"HTTP server started","component":"monitor","addr":"localhost:8081"}
{"time":"2025-07-21T08:44:52.841152042-05:00","level":"INFO","msg":"Monitor started successfully","component":"monitor"}
{"time":"2025-07-21T08:44:52.842071094-05:00","level":"ERROR","msg":"HTTP server error","component":"monitor","error":"listen tcp 127.0.0.1:8081: bind: address already in use","error_type":"*net.OpError"}
{"time":"2025-07-21T08:44:52.894545312-05:00","level":"INFO","msg":"Registered health check","component":"health_monitor","name":"component_registry","critical":true}
{"time":"2025-07-21T08:44:52.894614971-05:00","level":"INFO","msg":"Registered health check","component":"health_monitor","name":"templ_binary","critical":true}
{"time":"2025-07-21T08:44:52.895065715-05:00","level":"INFO","msg":"Registered health check","component":"health_monitor","name":"cache_directory","critical":false}
{"time":"2025-07-21T08:44:52.895125844-05:00","level":"INFO","msg":"Starting monitor","component":"monitor","metrics_enabled":true,"health_enabled":true,"http_enabled":true}
{"time":"2025-07-21T08:44:52.895171753-05:00","level":"INFO","msg":"Metrics collector started","component":"monitor"}
{"time":"2025-07-21T08:44:52.89521198-05:00","level":"INFO","msg":"Registered health check","component":"health_monitor","name":"filesystem","critical":true}
{"time":"2025-07-21T08:44:52.895803052-05:00","level":"INFO","msg":"Registered health check","component":"health_monitor","name":"memory","critical":true}
{"time":"2025-07-21T08:44:52.89585241-05:00","level":"INFO","msg":"Registered health check","component":"health_monitor","name":"goroutines","critical":false}
{"time":"2025-07-21T08:44:52.895925438-05:00","level":"INFO","msg":"Health monitor started","component":"health_monitor","interval":30000000000}
{"time":"2025-07-21T08:44:52.895961573-05:00","level":"INFO","msg":"Health monitor started","component":"monitor"}
{"time":"2025-07-21T08:44:52.89604802-05:00","level":"INFO","msg":"HTTP server started","component":"monitor","addr":"localhost:8081"}
{"time":"2025-07-21T08:44:52.896087134-05:00","level":"INFO","msg":"Monitor started successfully","component":"monitor"}
{"time":"2025-07-21T08:44:52.89805113-05:00","level":"ERROR","msg":"HTTP server error","component":"monitor","error":"listen tcp 127.0.0.1:8081: bind: address already in use","error_type":"*net.OpError"}
